<?xml version="1.0" encoding="UTF-8"?>
<!-- Generated by org.testng.reporters.JUnitReportReporter -->
<testsuite hostname="DESKTOP-CFSKSBJ" failures="0" tests="5" name="testCases.TC003_LoginDDT" time="65.106" errors="0" timestamp="2024-09-10T22:42:31 IST" skipped="0">
  <testcase classname="testCases.TC003_LoginDDT" name="verify_loginDDT" time="1.525"/>
  <testcase classname="testCases.TC003_LoginDDT" name="verify_loginDDT" time="20.739"/>
  <testcase classname="testCases.TC003_LoginDDT" name="verify_loginDDT" time="20.739"/>
  <testcase classname="testCases.TC003_LoginDDT" name="verify_loginDDT" time="1.276"/>
  <testcase classname="testCases.TC003_LoginDDT" name="verify_loginDDT" time="20.827"/>
</testsuite> <!-- testCases.TC003_LoginDDT -->
