<?xml version="1.0" encoding="UTF-8"?>
<!-- Generated by org.testng.reporters.JUnitReportReporter -->
<testsuite hostname="DESKTOP-CFSKSBJ" failures="0" tests="5" name="testCases.TC003_LoginDDT" time="65.509" errors="0" timestamp="2024-09-11T00:28:59 IST" skipped="0">
  <testcase classname="testCases.TC003_LoginDDT" name="verify_loginDDT" time="20.841"/>
  <testcase classname="testCases.TC003_LoginDDT" name="verify_loginDDT" time="1.608"/>
  <testcase classname="testCases.TC003_LoginDDT" name="verify_loginDDT" time="20.838"/>
  <testcase classname="testCases.TC003_LoginDDT" name="verify_loginDDT" time="20.775"/>
  <testcase classname="testCases.TC003_LoginDDT" name="verify_loginDDT" time="1.447"/>
</testsuite> <!-- testCases.TC003_LoginDDT -->
