<?xml version="1.0" encoding="UTF-8"?>
<!-- Generated by org.testng.reporters.JUnitReportReporter -->
<testsuite hostname="DESKTOP-CFSKSBJ" failures="0" tests="1" name="testCases.TC007_SearchProductTest" time="0.977" errors="0" timestamp="2024-09-11T03:24:53 IST" skipped="0">
  <testcase classname="testCases.TC007_SearchProductTest" name="verify_pruductSearch" time="0.977"/>
</testsuite> <!-- testCases.TC007_SearchProductTest -->
