<?xml version="1.0" encoding="UTF-8"?>
<!-- Generated by org.testng.reporters.JUnitReportReporter -->
<testsuite hostname="DESKTOP-CFSKSBJ" failures="0" tests="5" name="testCases.TC003_LoginDDT" time="65.058" errors="0" timestamp="2024-09-11T03:24:53 IST" skipped="0">
  <testcase classname="testCases.TC003_LoginDDT" name="verify_loginDDT" time="1.400"/>
  <testcase classname="testCases.TC003_LoginDDT" name="verify_loginDDT" time="20.821"/>
  <testcase classname="testCases.TC003_LoginDDT" name="verify_loginDDT" time="20.675"/>
  <testcase classname="testCases.TC003_LoginDDT" name="verify_loginDDT" time="20.897"/>
  <testcase classname="testCases.TC003_LoginDDT" name="verify_loginDDT" time="1.265"/>
</testsuite> <!-- testCases.TC003_LoginDDT -->
